<?xml version="1.0" encoding="UTF-8"?>
<!-- Generated by org.testng.reporters.JUnitReportReporter -->
<testsuite hostname="DESKTOP-4NO36J1" failures="0" tests="1" name="LoginAutomation" time="3.273" errors="0" timestamp="2022-10-09T21:40:14 IST" skipped="0">
  <testcase classname="LoginAutomation" name="login" time="3.273"/>
</testsuite> <!-- LoginAutomation -->
